<?xml version="1.0" encoding="UTF-8"?>
<!-- Generated by org.testng.reporters.JUnitXMLReporter -->
<testsuite ignored="11" hostname="HP" failures="0" tests="2" name="Test" time="54.06" errors="0" timestamp="2024-01-20T12:43:48 IST">
  <testcase classname="com.dcpl.testcase.GoodsReceiptVocuherTest" name="createGRVForSubContractVendorRefTypeFinishedGoodSegmentPlatinum" time="21.266">
    <skipped/>
  </testcase> <!-- createGRVForSubContractVendorRefTypeFinishedGoodSegmentPlatinum -->
  <testcase classname="com.dcpl.testcase.GoodsReceiptVocuherTest" name="createGRVForSubContractVendorRefTypeFinishedGoodSegmentPlatinum" time="20.071"/>
  <testcase classname="com.dcpl.testcase.GoodsReceiptVocuherTest" name="createGRVForSubContractVendorRefTypeFinishedGoodSegmentDiamond" time="0.0">
    <ignored/>
  </testcase> <!-- createGRVForSubContractVendorRefTypeFinishedGoodSegmentDiamond -->
  <testcase classname="com.dcpl.testcase.GoodsReceiptVocuherTest" name="createGRVForConsignmentVendorRefTypeFinishedGoodSegmentSilver" time="0.0">
    <ignored/>
  </testcase> <!-- createGRVForConsignmentVendorRefTypeFinishedGoodSegmentSilver -->
  <testcase classname="com.dcpl.testcase.GoodsReceiptVocuherTest" name="createGRVForConsignmentVendorRefTypeFinishedGoodSegmentDiamond" time="0.0">
    <ignored/>
  </testcase> <!-- createGRVForConsignmentVendorRefTypeFinishedGoodSegmentDiamond -->
  <testcase classname="com.dcpl.testcase.GoodsReceiptVocuherTest" name="createGRVForDealerVendorRefTypeFinishedGoodSegmentGold" time="0.0">
    <ignored/>
  </testcase> <!-- createGRVForDealerVendorRefTypeFinishedGoodSegmentGold -->
  <testcase classname="com.dcpl.testcase.GoodsReceiptVocuherTest" name="createGRVForDealertVendorRefTypeFinishedGoodSegmentDiamond" time="0.0">
    <ignored/>
  </testcase> <!-- createGRVForDealertVendorRefTypeFinishedGoodSegmentDiamond -->
  <testcase classname="com.dcpl.testcase.GoodsReceiptVocuherTest" name="createGRVForConsignmentVendorRefTypeFinishedGoodSegmentPlatinum" time="0.0">
    <ignored/>
  </testcase> <!-- createGRVForConsignmentVendorRefTypeFinishedGoodSegmentPlatinum -->
  <testcase classname="com.dcpl.testcase.GoodsReceiptVocuherTest" name="createGRVForDealerVendorRefTypeFinishedGoodSegmentSilver" time="0.0">
    <ignored/>
  </testcase> <!-- createGRVForDealerVendorRefTypeFinishedGoodSegmentSilver -->
  <testcase classname="com.dcpl.testcase.GoodsReceiptVocuherTest" name="createGRVForSubContractVendorRefTypeFinishedGoodSegmentSilver" time="0.0">
    <ignored/>
  </testcase> <!-- createGRVForSubContractVendorRefTypeFinishedGoodSegmentSilver -->
  <testcase classname="com.dcpl.testcase.GoodsReceiptVocuherTest" name="createGRVForConsignmentVendorRefTypeFinishedGoodSegmentGold" time="0.0">
    <ignored/>
  </testcase> <!-- createGRVForConsignmentVendorRefTypeFinishedGoodSegmentGold -->
  <testcase classname="com.dcpl.testcase.GoodsReceiptVocuherTest" name="createGRVForSubContractVendorRefTypeFinishedGoodSegmentGold" time="0.0">
    <ignored/>
  </testcase> <!-- createGRVForSubContractVendorRefTypeFinishedGoodSegmentGold -->
  <testcase classname="com.dcpl.testcase.GoodsReceiptVocuherTest" name="createGRVForDealerVendorRefTypeFinishedGoodSegmentPlatinum" time="0.0">
    <ignored/>
  </testcase> <!-- createGRVForDealerVendorRefTypeFinishedGoodSegmentPlatinum -->
</testsuite> <!-- Test -->
