<?xml version="1.0" encoding="UTF-8"?>
<!-- Generated by org.testng.reporters.JUnitXMLReporter -->
<testsuite hostname="HP" ignored="1" name="Test" tests="3" failures="0" timestamp="2023-07-05T18:11:50 IST" time="108.789" errors="0">
  <testcase name="createFloorPercentage" time="29.335" classname="com.dcpl.testcase.PSQFloorPercentageTest"/>
  <testcase name="searchFloorPercentage" time="24.908" classname="com.dcpl.testcase.PSQFloorPercentageTest"/>
  <testcase name="deleteFloorPercentage" time="25.061" classname="com.dcpl.testcase.PSQFloorPercentageTest"/>
  <testcase name="editFloorPercentage" time="0.0" classname="com.dcpl.testcase.PSQFloorPercentageTest">
    <ignored/>
  </testcase> <!-- editFloorPercentage -->
</testsuite> <!-- Test -->
