<?xml version="1.0" encoding="UTF-8"?>
<testng-results ignored="21" total="23" passed="2" failed="0" skipped="0">
  <reporter-output>
  </reporter-output>
  <suite started-at="2024-01-29T15:32:00 IST" name="Suite" finished-at="2024-01-29T15:32:43 IST" duration-ms="43082">
    <groups>
      <group name="Sanity">
        <method signature="ReceiveParcelTest.createReceiveParcelForMaterialTypeAccessory(java.util.HashMap)[pri:5, instance:com.dcpl.testcase.ReceiveParcelTest@534a5a98]" name="createReceiveParcelForMaterialTypeAccessory" class="com.dcpl.testcase.ReceiveParcelTest"/>
        <method signature="ReceiveParcelTest.createReceiveParcelForMaterialTypeLooseStones(java.util.HashMap)[pri:4, instance:com.dcpl.testcase.ReceiveParcelTest@534a5a98]" name="createReceiveParcelForMaterialTypeLooseStones" class="com.dcpl.testcase.ReceiveParcelTest"/>
      </group> <!-- Sanity -->
      <group name="Regression">
        <method signature="ReceiveParcelTest.createReceiveParcelForMaterialTypeAccessory(java.util.HashMap)[pri:5, instance:com.dcpl.testcase.ReceiveParcelTest@534a5a98]" name="createReceiveParcelForMaterialTypeAccessory" class="com.dcpl.testcase.ReceiveParcelTest"/>
        <method signature="ReceiveParcelTest.createReceiveParcelForMaterialTypeLooseStones(java.util.HashMap)[pri:4, instance:com.dcpl.testcase.ReceiveParcelTest@534a5a98]" name="createReceiveParcelForMaterialTypeLooseStones" class="com.dcpl.testcase.ReceiveParcelTest"/>
      </group> <!-- Regression -->
    </groups>
    <test started-at="2024-01-29T15:32:00 IST" name="Test" finished-at="2024-01-29T15:32:43 IST" duration-ms="43082">
      <class name="com.dcpl.testcase.ReceiveParcelTest">
        <test-method is-config="true" signature="setUP(java.lang.String)[pri:0, instance:com.dcpl.testcase.ReceiveParcelTest@534a5a98]" started-at="2024-01-29T15:32:02 IST" name="setUP" finished-at="2024-01-29T15:32:06 IST" duration-ms="3966" status="PASS">
          <params>
            <param index="0">
              <value>
                <![CDATA[chrome]]>
              </value>
            </param>
          </params>
          <reporter-output>
          </reporter-output>
        </test-method> <!-- setUP -->
        <test-method signature="createReceiveParcelForMaterialTypeLooseStones(java.util.HashMap)[pri:4, instance:com.dcpl.testcase.ReceiveParcelTest@534a5a98]" started-at="2024-01-29T15:32:06 IST" name="createReceiveParcelForMaterialTypeLooseStones" description="Verifying create receive parcel process" data-provider="createReceiveParcel" finished-at="2024-01-29T15:32:22 IST" duration-ms="15696" status="PASS">
          <params>
            <param index="0">
              <value>
                <![CDATA[{receivedby=, noofboxes=1, deliverymode=P, hrms_id=110, courieragencyname=ABC, sentby=test, password=Pass@123, materialtype=G, borneby=CO, vendor=BKK, insuredamount=25000, couriercharges=1500, grosswt=25, courierreceiptnumber=12345}]]>
              </value>
            </param>
          </params>
          <reporter-output>
          </reporter-output>
        </test-method> <!-- createReceiveParcelForMaterialTypeLooseStones -->
        <test-method is-config="true" signature="closeWebApplication()[pri:0, instance:com.dcpl.testcase.ReceiveParcelTest@534a5a98]" started-at="2024-01-29T15:32:22 IST" name="closeWebApplication" finished-at="2024-01-29T15:32:23 IST" duration-ms="909" status="PASS">
          <reporter-output>
          </reporter-output>
        </test-method> <!-- closeWebApplication -->
        <test-method is-config="true" signature="setUP(java.lang.String)[pri:0, instance:com.dcpl.testcase.ReceiveParcelTest@534a5a98]" started-at="2024-01-29T15:32:23 IST" name="setUP" finished-at="2024-01-29T15:32:26 IST" duration-ms="2804" status="PASS">
          <params>
            <param index="0">
              <value>
                <![CDATA[chrome]]>
              </value>
            </param>
          </params>
          <reporter-output>
          </reporter-output>
        </test-method> <!-- setUP -->
        <test-method signature="createReceiveParcelForMaterialTypeAccessory(java.util.HashMap)[pri:5, instance:com.dcpl.testcase.ReceiveParcelTest@534a5a98]" started-at="2024-01-29T15:32:26 IST" name="createReceiveParcelForMaterialTypeAccessory" description="Verifying create receive parcel process" data-provider="createReceiveParcel" finished-at="2024-01-29T15:32:42 IST" duration-ms="16735" status="PASS">
          <params>
            <param index="0">
              <value>
                <![CDATA[{receivedby=, noofboxes=1, deliverymode=P, hrms_id=110, courieragencyname=ABC, sentby=test, password=Pass@123, materialtype=G, borneby=CO, vendor=BKK, insuredamount=25000, couriercharges=1500, grosswt=25, courierreceiptnumber=12345}]]>
              </value>
            </param>
          </params>
          <reporter-output>
          </reporter-output>
        </test-method> <!-- createReceiveParcelForMaterialTypeAccessory -->
        <test-method is-config="true" signature="closeWebApplication()[pri:0, instance:com.dcpl.testcase.ReceiveParcelTest@534a5a98]" started-at="2024-01-29T15:32:42 IST" name="closeWebApplication" finished-at="2024-01-29T15:32:43 IST" duration-ms="1005" status="PASS">
          <reporter-output>
          </reporter-output>
        </test-method> <!-- closeWebApplication -->
      </class> <!-- com.dcpl.testcase.ReceiveParcelTest -->
      <class name="com.dcpl.testcase.OELoginPageTest">
        <test-method is-config="true" signature="readConfig()[pri:0, instance:com.dcpl.testcase.OELoginPageTest@771a660]" started-at="2024-01-29T15:32:00 IST" name="readConfig" finished-at="2024-01-29T15:32:00 IST" duration-ms="340" status="PASS">
          <reporter-output>
          </reporter-output>
        </test-method> <!-- readConfig -->
        <test-method is-config="true" signature="afterSuite()[pri:0, instance:com.dcpl.testcase.OELoginPageTest@771a660]" started-at="2024-01-29T15:32:44 IST" name="afterSuite" finished-at="2024-01-29T15:32:44 IST" duration-ms="560" status="PASS">
          <reporter-output>
          </reporter-output>
        </test-method> <!-- afterSuite -->
      </class> <!-- com.dcpl.testcase.OELoginPageTest -->
    </test> <!-- Test -->
  </suite> <!-- Suite -->
</testng-results>
