<?xml version="1.0" encoding="UTF-8"?>
<testng-results retried="1" ignored="11" total="13" passed="1" failed="0" skipped="0">
  <reporter-output>
  </reporter-output>
  <suite started-at="2024-01-20T12:42:53 IST" name="Suite" finished-at="2024-01-20T12:43:47 IST" duration-ms="54060">
    <groups>
      <group name="Sanity">
        <method signature="GoodsReceiptVocuherTest.createGRVForSubContractVendorRefTypeFinishedGoodSegmentPlatinum(java.util.HashMap)[pri:2, instance:com.dcpl.testcase.GoodsReceiptVocuherTest@53aac487]" name="createGRVForSubContractVendorRefTypeFinishedGoodSegmentPlatinum" class="com.dcpl.testcase.GoodsReceiptVocuherTest"/>
      </group> <!-- Sanity -->
      <group name="Regression">
        <method signature="GoodsReceiptVocuherTest.createGRVForSubContractVendorRefTypeFinishedGoodSegmentPlatinum(java.util.HashMap)[pri:2, instance:com.dcpl.testcase.GoodsReceiptVocuherTest@53aac487]" name="createGRVForSubContractVendorRefTypeFinishedGoodSegmentPlatinum" class="com.dcpl.testcase.GoodsReceiptVocuherTest"/>
      </group> <!-- Regression -->
    </groups>
    <test started-at="2024-01-20T12:42:53 IST" name="Test" finished-at="2024-01-20T12:43:47 IST" duration-ms="54060">
      <class name="com.dcpl.testcase.GoodsReceiptVocuherTest">
        <test-method is-config="true" signature="readConfig()[pri:0, instance:com.dcpl.testcase.GoodsReceiptVocuherTest@53aac487]" started-at="2024-01-20T12:42:53 IST" name="readConfig" finished-at="2024-01-20T12:42:53 IST" duration-ms="287" status="PASS">
          <reporter-output>
          </reporter-output>
        </test-method> <!-- readConfig -->
        <test-method is-config="true" signature="setUP(java.lang.String)[pri:0, instance:com.dcpl.testcase.GoodsReceiptVocuherTest@53aac487]" started-at="2024-01-20T12:42:55 IST" name="setUP" finished-at="2024-01-20T12:43:02 IST" duration-ms="7277" status="PASS">
          <params>
            <param index="0">
              <value>
                <![CDATA[chrome]]>
              </value>
            </param>
          </params>
          <reporter-output>
          </reporter-output>
        </test-method> <!-- setUP -->
        <test-method retried="true" signature="createGRVForSubContractVendorRefTypeFinishedGoodSegmentPlatinum(java.util.HashMap)[pri:2, instance:com.dcpl.testcase.GoodsReceiptVocuherTest@53aac487]" started-at="2024-01-20T12:43:02 IST" name="createGRVForSubContractVendorRefTypeFinishedGoodSegmentPlatinum" description="Verifying create grv process" data-provider="GoodReceiptVoucher" finished-at="2024-01-20T12:43:23 IST" duration-ms="21266" status="SKIP">
          <params>
            <param index="0">
              <value>
                <![CDATA[{grvdate=, regunreg=UnRegistered, partybillno=987456, igstPerc=0, netwt=100, igstamount=200.0, hrms_id=110, grvno=, parcelid=2181, invoiceamount=5000.0, segments=Gold, password=Pass@123, diamondwt=10, skinpurityG=92, materialtype=F, wast.wt=1.5, vendor=BKK, partybillDay=20, sourcestate=Karnataka, gstinno=07BKKCH1747D1ZY, grosswt=100, metalrate=4250, pcs=1, cessPerc=0, partybillMonthYear=January 2024, cessamount=50.0, valueinrs=35000, sgstPerc=2, hsnsaccode=71131910, sgstamount=100.0, cgstPerc=2, grvtype=S, labourcharge=2500, cgstamount=100.0, remarks=test}]]>
              </value>
            </param>
          </params>
          <exception class="java.lang.AssertionError">
            <message>
              <![CDATA[expected [Success] but found [Error]]]>
            </message>
            <full-stacktrace>
              <![CDATA[java.lang.AssertionError: expected [Success] but found [Error]
at org.testng.Assert.fail(Assert.java:99)
at org.testng.Assert.failNotEquals(Assert.java:1037)
at org.testng.Assert.assertEqualsImpl(Assert.java:140)
at org.testng.Assert.assertEquals(Assert.java:122)
at org.testng.Assert.assertEquals(Assert.java:629)
at org.testng.Assert.assertEquals(Assert.java:639)
at com.dcpl.testcase.GoodsReceiptVocuherTest.createGRVForSubContractVendorRefTypeFinishedGoodSegmentPlatinum(GoodsReceiptVocuherTest.java:210)
at java.base/jdk.internal.reflect.NativeMethodAccessorImpl.invoke0(Native Method)
at java.base/jdk.internal.reflect.NativeMethodAccessorImpl.invoke(NativeMethodAccessorImpl.java:62)
at java.base/jdk.internal.reflect.DelegatingMethodAccessorImpl.invoke(DelegatingMethodAccessorImpl.java:43)
at java.base/java.lang.reflect.Method.invoke(Method.java:566)
at org.testng.internal.MethodInvocationHelper.invokeMethod(MethodInvocationHelper.java:133)
at org.testng.internal.TestInvoker.invokeMethod(TestInvoker.java:598)
at org.testng.internal.TestInvoker.invokeTestMethod(TestInvoker.java:173)
at org.testng.internal.MethodRunner.runInSequence(MethodRunner.java:46)
at org.testng.internal.TestInvoker$MethodInvocationAgent.invoke(TestInvoker.java:824)
at org.testng.internal.TestInvoker.invokeTestMethods(TestInvoker.java:146)
at org.testng.internal.TestMethodWorker.invokeTestMethods(TestMethodWorker.java:146)
at org.testng.internal.TestMethodWorker.run(TestMethodWorker.java:128)
at java.base/java.util.ArrayList.forEach(ArrayList.java:1541)
at org.testng.TestRunner.privateRun(TestRunner.java:794)
at org.testng.TestRunner.run(TestRunner.java:596)
at org.testng.SuiteRunner.runTest(SuiteRunner.java:377)
at org.testng.SuiteRunner.runSequentially(SuiteRunner.java:371)
at org.testng.SuiteRunner.privateRun(SuiteRunner.java:332)
at org.testng.SuiteRunner.run(SuiteRunner.java:276)
at org.testng.SuiteRunnerWorker.runSuite(SuiteRunnerWorker.java:53)
at org.testng.SuiteRunnerWorker.run(SuiteRunnerWorker.java:96)
at org.testng.TestNG.runSuitesSequentially(TestNG.java:1212)
at org.testng.TestNG.runSuitesLocally(TestNG.java:1134)
at org.testng.TestNG.runSuites(TestNG.java:1063)
at org.testng.TestNG.run(TestNG.java:1031)
at org.testng.remote.AbstractRemoteTestNG.run(AbstractRemoteTestNG.java:115)
at org.testng.remote.RemoteTestNG.initAndRun(RemoteTestNG.java:251)
at org.testng.remote.RemoteTestNG.main(RemoteTestNG.java:77)
]]>
            </full-stacktrace>
          </exception> <!-- java.lang.AssertionError -->
          <reporter-output>
          </reporter-output>
        </test-method> <!-- createGRVForSubContractVendorRefTypeFinishedGoodSegmentPlatinum -->
        <test-method is-config="true" signature="closeWebApplication()[pri:0, instance:com.dcpl.testcase.GoodsReceiptVocuherTest@53aac487]" started-at="2024-01-20T12:43:23 IST" name="closeWebApplication" finished-at="2024-01-20T12:43:24 IST" duration-ms="809" status="PASS">
          <reporter-output>
          </reporter-output>
        </test-method> <!-- closeWebApplication -->
        <test-method is-config="true" signature="setUP(java.lang.String)[pri:0, instance:com.dcpl.testcase.GoodsReceiptVocuherTest@53aac487]" started-at="2024-01-20T12:43:24 IST" name="setUP" finished-at="2024-01-20T12:43:27 IST" duration-ms="2225" status="PASS">
          <params>
            <param index="0">
              <value>
                <![CDATA[chrome]]>
              </value>
            </param>
          </params>
          <reporter-output>
          </reporter-output>
        </test-method> <!-- setUP -->
        <test-method signature="createGRVForSubContractVendorRefTypeFinishedGoodSegmentPlatinum(java.util.HashMap)[pri:2, instance:com.dcpl.testcase.GoodsReceiptVocuherTest@53aac487]" started-at="2024-01-20T12:43:27 IST" name="createGRVForSubContractVendorRefTypeFinishedGoodSegmentPlatinum" description="Verifying create grv process" data-provider="GoodReceiptVoucher" finished-at="2024-01-20T12:43:47 IST" duration-ms="20071" status="PASS">
          <params>
            <param index="0">
              <value>
                <![CDATA[{grvdate=, regunreg=UnRegistered, partybillno=987456, igstPerc=0, netwt=100, igstamount=200.0, hrms_id=110, grvno=, parcelid=2181, invoiceamount=5000.0, segments=Gold, password=Pass@123, diamondwt=10, skinpurityG=92, materialtype=F, wast.wt=1.5, vendor=BKK, partybillDay=20, sourcestate=Karnataka, gstinno=07BKKCH1747D1ZY, grosswt=100, metalrate=4250, pcs=1, cessPerc=0, partybillMonthYear=January 2024, cessamount=50.0, valueinrs=35000, sgstPerc=2, hsnsaccode=71131910, sgstamount=100.0, cgstPerc=2, grvtype=S, labourcharge=2500, cgstamount=100.0, remarks=test}]]>
              </value>
            </param>
          </params>
          <reporter-output>
          </reporter-output>
        </test-method> <!-- createGRVForSubContractVendorRefTypeFinishedGoodSegmentPlatinum -->
        <test-method is-config="true" signature="closeWebApplication()[pri:0, instance:com.dcpl.testcase.GoodsReceiptVocuherTest@53aac487]" started-at="2024-01-20T12:43:47 IST" name="closeWebApplication" finished-at="2024-01-20T12:43:47 IST" duration-ms="851" status="PASS">
          <reporter-output>
          </reporter-output>
        </test-method> <!-- closeWebApplication -->
        <test-method is-config="true" signature="afterSuite()[pri:0, instance:com.dcpl.testcase.GoodsReceiptVocuherTest@53aac487]" started-at="2024-01-20T12:43:48 IST" name="afterSuite" finished-at="2024-01-20T12:43:48 IST" duration-ms="452" status="PASS">
          <reporter-output>
          </reporter-output>
        </test-method> <!-- afterSuite -->
      </class> <!-- com.dcpl.testcase.GoodsReceiptVocuherTest -->
    </test> <!-- Test -->
  </suite> <!-- Suite -->
</testng-results>
