# JRE version: Java(TM) SE Runtime Environment (8.0_351-b10) (build 1.8.0_351-b10)
# Java VM: Java HotSpot(TM) 64-Bit Server VM (25.351-b10 mixed mode windows-amd64 compressed oops)
Heap:
 PSYoungGen      total 52224K, used 19313K [0x00000000e0500000, 0x00000000e5980000, 0x0000000100000000)
  eden space 45056K, 27% used [0x00000000e0500000,0x00000000e10e33a8,0x00000000e3100000)
  from space 7168K, 99% used [0x00000000e3100000,0x00000000e37f92d8,0x00000000e3800000)
  to   space 8704K, 0% used [0x00000000e5100000,0x00000000e5100000,0x00000000e5980000)
 ParOldGen       total 42496K, used 7231K [0x00000000a0e00000, 0x00000000a3780000, 0x00000000e0500000)
  object space 42496K, 17% used [0x00000000a0e00000,0x00000000a150fdf8,0x00000000a3780000)
 Metaspace       used 30135K, capacity 31134K, committed 31360K, reserved 1077248K
  class space    used 3816K, capacity 4123K, committed 4224K, reserved 1048576K
GC Heap History (10 events):
Event: 11.866 GC heap before
{Heap before GC invocations=6 (full 1):
 PSYoungGen      total 28160K, used 4084K [0x00000000e0500000, 0x00000000e2980000, 0x0000000100000000)
  eden space 24064K, 0% used [0x00000000e0500000,0x00000000e0500000,0x00000000e1c80000)
  from space 4096K, 99% used [0x00000000e1d00000,0x00000000e20fd3e0,0x00000000e2100000)
  to   space 6656K, 0% used [0x00000000e2300000,0x00000000e2300000,0x00000000e2980000)
 ParOldGen       total 65536K, used 4629K [0x00000000a0e00000, 0x00000000a4e00000, 0x00000000e0500000)
  object space 65536K, 7% used [0x00000000a0e00000,0x00000000a12857c0,0x00000000a4e00000)
 Metaspace       used 20542K, capacity 21166K, committed 21248K, reserved 1067008K
  class space    used 2551K, capacity 2749K, committed 2816K, reserved 1048576K
Event: 11.936 GC heap after
Heap after GC invocations=6 (full 1):
 PSYoungGen      total 28160K, used 0K [0x00000000e0500000, 0x00000000e2980000, 0x0000000100000000)
  eden space 24064K, 0% used [0x00000000e0500000,0x00000000e0500000,0x00000000e1c80000)
  from space 4096K, 0% used [0x00000000e1d00000,0x00000000e1d00000,0x00000000e2100000)
  to   space 6656K, 0% used [0x00000000e2300000,0x00000000e2300000,0x00000000e2980000)
 ParOldGen       total 42496K, used 5768K [0x00000000a0e00000, 0x00000000a3780000, 0x00000000e0500000)
  object space 42496K, 13% used [0x00000000a0e00000,0x00000000a13a22d0,0x00000000a3780000)
 Metaspace       used 20529K, capacity 21124K, committed 21248K, reserved 1067008K
  class space    used 2547K, capacity 2742K, committed 2816K, reserved 1048576K
}
Event: 13.484 GC heap before
{Heap before GC invocations=7 (full 1):
 PSYoungGen      total 28160K, used 24064K [0x00000000e0500000, 0x00000000e2980000, 0x0000000100000000)
  eden space 24064K, 100% used [0x00000000e0500000,0x00000000e1c80000,0x00000000e1c80000)
  from space 4096K, 0% used [0x00000000e1d00000,0x00000000e1d00000,0x00000000e2100000)
  to   space 6656K, 0% used [0x00000000e2300000,0x00000000e2300000,0x00000000e2980000)
 ParOldGen       total 42496K, used 5768K [0x00000000a0e00000, 0x00000000a3780000, 0x00000000e0500000)
  object space 42496K, 13% used [0x00000000a0e00000,0x00000000a13a22d0,0x00000000a3780000)
 Metaspace       used 22206K, capacity 22926K, committed 23040K, reserved 1069056K
  class space    used 2769K, capacity 2991K, committed 3072K, reserved 1048576K
Event: 13.492 GC heap after
Heap after GC invocations=7 (full 1):
 PSYoungGen      total 30208K, used 1938K [0x00000000e0500000, 0x00000000e3880000, 0x0000000100000000)
  eden space 23552K, 0% used [0x00000000e0500000,0x00000000e0500000,0x00000000e1c00000)
  from space 6656K, 29% used [0x00000000e2300000,0x00000000e24e4928,0x00000000e2980000)
  to   space 7168K, 0% used [0x00000000e1c00000,0x00000000e1c00000,0x00000000e2300000)
 ParOldGen       total 42496K, used 5776K [0x00000000a0e00000, 0x00000000a3780000, 0x00000000e0500000)
  object space 42496K, 13% used [0x00000000a0e00000,0x00000000a13a42d0,0x00000000a3780000)
 Metaspace       used 22206K, capacity 22926K, committed 23040K, reserved 1069056K
  class space    used 2769K, capacity 2991K, committed 3072K, reserved 1048576K
}
Event: 13.691 GC heap before
{Heap before GC invocations=8 (full 1):
 PSYoungGen      total 30208K, used 25490K [0x00000000e0500000, 0x00000000e3880000, 0x0000000100000000)
  eden space 23552K, 100% used [0x00000000e0500000,0x00000000e1c00000,0x00000000e1c00000)
  from space 6656K, 29% used [0x00000000e2300000,0x00000000e24e4928,0x00000000e2980000)
  to   space 7168K, 0% used [0x00000000e1c00000,0x00000000e1c00000,0x00000000e2300000)
 ParOldGen       total 42496K, used 5776K [0x00000000a0e00000, 0x00000000a3780000, 0x00000000e0500000)
  object space 42496K, 13% used [0x00000000a0e00000,0x00000000a13a42d0,0x00000000a3780000)
 Metaspace       used 22206K, capacity 22926K, committed 23040K, reserved 1069056K
  class space    used 2769K, capacity 2991K, committed 3072K, reserved 1048576K
Event: 13.737 GC heap after
Heap after GC invocations=8 (full 1):
 PSYoungGen      total 30720K, used 1476K [0x00000000e0500000, 0x00000000e4000000, 0x0000000100000000)
  eden space 23552K, 0% used [0x00000000e0500000,0x00000000e0500000,0x00000000e1c00000)
  from space 7168K, 20% used [0x00000000e1c00000,0x00000000e1d71288,0x00000000e2300000)
  to   space 7680K, 0% used [0x00000000e3880000,0x00000000e3880000,0x00000000e4000000)
 ParOldGen       total 42496K, used 5776K [0x00000000a0e00000, 0x00000000a3780000, 0x00000000e0500000)
  object space 42496K, 13% used [0x00000000a0e00000,0x00000000a13a42d0,0x00000000a3780000)
 Metaspace       used 22206K, capacity 22926K, committed 23040K, reserved 1069056K
  class space    used 2769K, capacity 2991K, committed 3072K, reserved 1048576K
}
Event: 14.703 GC heap before
{Heap before GC invocations=9 (full 1):
 PSYoungGen      total 30720K, used 25028K [0x00000000e0500000, 0x00000000e4000000, 0x0000000100000000)
  eden space 23552K, 100% used [0x00000000e0500000,0x00000000e1c00000,0x00000000e1c00000)
  from space 7168K, 20% used [0x00000000e1c00000,0x00000000e1d71288,0x00000000e2300000)
  to   space 7680K, 0% used [0x00000000e3880000,0x00000000e3880000,0x00000000e4000000)
 ParOldGen       total 42496K, used 5776K [0x00000000a0e00000, 0x00000000a3780000, 0x00000000e0500000)
  object space 42496K, 13% used [0x00000000a0e00000,0x00000000a13a42d0,0x00000000a3780000)
 Metaspace       used 23968K, capacity 24744K, committed 25088K, reserved 1071104K
  class space    used 3000K, capacity 3228K, committed 3328K, reserved 1048576K
Event: 14.780 GC heap after
Heap after GC invocations=9 (full 1):
 PSYoungGen      total 51712K, used 3329K [0x00000000e0500000, 0x00000000e3f00000, 0x0000000100000000)
  eden space 45056K, 0% used [0x00000000e0500000,0x00000000e0500000,0x00000000e3100000)
  from space 6656K, 50% used [0x00000000e3880000,0x00000000e3bc04a8,0x00000000e3f00000)
  to   space 7168K, 0% used [0x00000000e3100000,0x00000000e3100000,0x00000000e3800000)
 ParOldGen       total 42496K, used 5784K [0x00000000a0e00000, 0x00000000a3780000, 0x00000000e0500000)
  object space 42496K, 13% used [0x00000000a0e00000,0x00000000a13a62d0,0x00000000a3780000)
 Metaspace       used 23968K, capacity 24744K, committed 25088K, reserved 1071104K
  class space    used 3000K, capacity 3228K, committed 3328K, reserved 1048576K
}
Event: 32.477 GC heap before
{Heap before GC invocations=10 (full 1):
 PSYoungGen      total 51712K, used 48385K [0x00000000e0500000, 0x00000000e3f00000, 0x0000000100000000)
  eden space 45056K, 100% used [0x00000000e0500000,0x00000000e3100000,0x00000000e3100000)
  from space 6656K, 50% used [0x00000000e3880000,0x00000000e3bc04a8,0x00000000e3f00000)
  to   space 7168K, 0% used [0x00000000e3100000,0x00000000e3100000,0x00000000e3800000)
 ParOldGen       total 42496K, used 5784K [0x00000000a0e00000, 0x00000000a3780000, 0x00000000e0500000)
  object space 42496K, 13% used [0x00000000a0e00000,0x00000000a13a62d0,0x00000000a3780000)
 Metaspace       used 28536K, capacity 29442K, committed 29824K, reserved 1075200K
  class space    used 3555K, capacity 3849K, committed 3968K, reserved 1048576K
Event: 32.580 GC heap after
Heap after GC invocations=10 (full 1):
 PSYoungGen      total 52224K, used 7140K [0x00000000e0500000, 0x00000000e5980000, 0x0000000100000000)
  eden space 45056K, 0% used [0x00000000e0500000,0x00000000e0500000,0x00000000e3100000)
  from space 7168K, 99% used [0x00000000e3100000,0x00000000e37f92d8,0x00000000e3800000)
  to   space 8704K, 0% used [0x00000000e5100000,0x00000000e5100000,0x00000000e5980000)
 ParOldGen       total 42496K, used 7231K [0x00000000a0e00000, 0x00000000a3780000, 0x00000000e0500000)
  object space 42496K, 17% used [0x00000000a0e00000,0x00000000a150fdf8,0x00000000a3780000)
 Metaspace       used 28536K, capacity 29442K, committed 29824K, reserved 1075200K
  class space    used 3555K, capacity 3849K, committed 3968K, reserved 1048576K
}

